{"C:\\Users\\Alfred\\Desktop\\Online Shopping System\\Source Code\\Backend API\\src\\app.js": {"path":"C:\\Users\\Alfred\\Desktop\\Online Shopping System\\Source Code\\Backend API\\src\\app.js","statementMap":{"0":{"start":{"line":1,"column":0},"end":{"line":1,"column":27}},"1":{"start":{"line":3,"column":16},"end":{"line":3,"column":34}},"2":{"start":{"line":4,"column":19},"end":{"line":4,"column":49}},"3":{"start":{"line":6,"column":12},"end":{"line":6,"column":21}},"4":{"start":{"line":9,"column":0},"end":{"line":9,"column":24}},"5":{"start":{"line":12,"column":0},"end":{"line":12,"column":36}},"6":{"start":{"line":15,"column":13},"end":{"line":15,"column":37}},"7":{"start":{"line":16,"column":0},"end":{"line":18,"column":3}},"8":{"start":{"line":17,"column":2},"end":{"line":17,"column":51}}},"fnMap":{"0":{"name":"(anonymous_0)","decl":{"start":{"line":16,"column":17},"end":{"line":16,"column":18}},"loc":{"start":{"line":16,"column":23},"end":{"line":18,"column":1}},"line":16}},"branchMap":{"0":{"loc":{"start":{"line":15,"column":13},"end":{"line":15,"column":37}},"type":"binary-expr","locations":[{"start":{"line":15,"column":13},"end":{"line":15,"column":29}},{"start":{"line":15,"column":33},"end":{"line":15,"column":37}}],"line":15}},"s":{"0":1,"1":1,"2":1,"3":1,"4":1,"5":1,"6":1,"7":1,"8":0},"f":{"0":0},"b":{"0":[1,1]},"_coverageSchema":"1a1c01bbd47fc00a2c39e90264f33305004495a9","hash":"57cc363dfcfbf2d06af6bffd7862810aff77677f"}
,"C:\\Users\\Alfred\\Desktop\\Online Shopping System\\Source Code\\Backend API\\src\\config\\db.js": {"path":"C:\\Users\\Alfred\\Desktop\\Online Shopping System\\Source Code\\Backend API\\src\\config\\db.js","statementMap":{"0":{"start":{"line":1,"column":14},"end":{"line":1,"column":39}},"1":{"start":{"line":4,"column":19},"end":{"line":9,"column":2}},"2":{"start":{"line":12,"column":23},"end":{"line":20,"column":1}},"3":{"start":{"line":13,"column":2},"end":{"line":19,"column":3}},"4":{"start":{"line":14,"column":19},"end":{"line":14,"column":53}},"5":{"start":{"line":15,"column":4},"end":{"line":15,"column":59}},"6":{"start":{"line":17,"column":4},"end":{"line":17,"column":64}},"7":{"start":{"line":18,"column":4},"end":{"line":18,"column":20}},"8":{"start":{"line":23,"column":0},"end":{"line":23,"column":17}},"9":{"start":{"line":25,"column":0},"end":{"line":25,"column":28}}},"fnMap":{"0":{"name":"(anonymous_0)","decl":{"start":{"line":12,"column":23},"end":{"line":12,"column":24}},"loc":{"start":{"line":12,"column":35},"end":{"line":20,"column":1}},"line":12}},"branchMap":{},"s":{"0":1,"1":1,"2":1,"3":1,"4":1,"5":0,"6":0,"7":0,"8":1,"9":1},"f":{"0":1},"b":{},"_coverageSchema":"1a1c01bbd47fc00a2c39e90264f33305004495a9","hash":"7d73ae9894fb5aadbbf47c6d031528111953772e"}
,"C:\\Users\\Alfred\\Desktop\\Online Shopping System\\Source Code\\Backend API\\src\\config\\jwt.js": {"path":"C:\\Users\\Alfred\\Desktop\\Online Shopping System\\Source Code\\Backend API\\src\\config\\jwt.js","statementMap":{"0":{"start":{"line":1,"column":0},"end":{"line":3,"column":4}}},"fnMap":{},"branchMap":{},"s":{"0":3},"f":{},"b":{},"_coverageSchema":"1a1c01bbd47fc00a2c39e90264f33305004495a9","hash":"5f75687000b159f5984b208d53a0a008a120ec3d"}
,"C:\\Users\\Alfred\\Desktop\\Online Shopping System\\Source Code\\Backend API\\src\\controllers\\authController.js": {"path":"C:\\Users\\Alfred\\Desktop\\Online Shopping System\\Source Code\\Backend API\\src\\controllers\\authController.js","statementMap":{"0":{"start":{"line":1,"column":15},"end":{"line":1,"column":34}},"1":{"start":{"line":2,"column":12},"end":{"line":2,"column":35}},"2":{"start":{"line":3,"column":13},"end":{"line":3,"column":38}},"3":{"start":{"line":4,"column":15},"end":{"line":4,"column":41}},"4":{"start":{"line":6,"column":35},"end":{"line":6,"column":67}},"5":{"start":{"line":7,"column":22},"end":{"line":7,"column":46}},"6":{"start":{"line":8,"column":30},"end":{"line":8,"column":62}},"7":{"start":{"line":10,"column":23},"end":{"line":165,"column":1}},"8":{"start":{"line":14,"column":74},"end":{"line":14,"column":82}},"9":{"start":{"line":16,"column":4},"end":{"line":31,"column":5}},"10":{"start":{"line":18,"column":27},"end":{"line":18,"column":56}},"11":{"start":{"line":19,"column":6},"end":{"line":19,"column":93}},"12":{"start":{"line":19,"column":24},"end":{"line":19,"column":93}},"13":{"start":{"line":22,"column":27},"end":{"line":22,"column":58}},"14":{"start":{"line":25,"column":21},"end":{"line":25,"column":101}},"15":{"start":{"line":28,"column":6},"end":{"line":28,"column":80}},"16":{"start":{"line":30,"column":6},"end":{"line":30,"column":67}},"17":{"start":{"line":35,"column":32},"end":{"line":35,"column":40}},"18":{"start":{"line":37,"column":4},"end":{"line":86,"column":5}},"19":{"start":{"line":39,"column":19},"end":{"line":39,"column":48}},"20":{"start":{"line":40,"column":6},"end":{"line":43,"column":7}},"21":{"start":{"line":41,"column":8},"end":{"line":41,"column":64}},"22":{"start":{"line":42,"column":8},"end":{"line":42,"column":95}},"23":{"start":{"line":46,"column":6},"end":{"line":46,"column":41}},"24":{"start":{"line":49,"column":6},"end":{"line":49,"column":67}},"25":{"start":{"line":52,"column":6},"end":{"line":54,"column":7}},"26":{"start":{"line":53,"column":8},"end":{"line":53,"column":109}},"27":{"start":{"line":57,"column":22},"end":{"line":57,"column":71}},"28":{"start":{"line":58,"column":6},"end":{"line":61,"column":7}},"29":{"start":{"line":59,"column":8},"end":{"line":59,"column":62}},"30":{"start":{"line":60,"column":8},"end":{"line":60,"column":95}},"31":{"start":{"line":64,"column":20},"end":{"line":68,"column":7}},"32":{"start":{"line":71,"column":6},"end":{"line":71,"column":74}},"33":{"start":{"line":74,"column":6},"end":{"line":82,"column":9}},"34":{"start":{"line":84,"column":6},"end":{"line":84,"column":52}},"35":{"start":{"line":85,"column":6},"end":{"line":85,"column":80}},"36":{"start":{"line":95,"column":20},"end":{"line":95,"column":28}},"37":{"start":{"line":97,"column":2},"end":{"line":112,"column":3}},"38":{"start":{"line":99,"column":17},"end":{"line":99,"column":46}},"39":{"start":{"line":100,"column":4},"end":{"line":100,"column":90}},"40":{"start":{"line":100,"column":15},"end":{"line":100,"column":90}},"41":{"start":{"line":103,"column":18},"end":{"line":103,"column":83}},"42":{"start":{"line":106,"column":4},"end":{"line":106,"column":47}},"43":{"start":{"line":109,"column":4},"end":{"line":109,"column":75}},"44":{"start":{"line":111,"column":4},"end":{"line":111,"column":80}},"45":{"start":{"line":116,"column":33},"end":{"line":116,"column":41}},"46":{"start":{"line":118,"column":2},"end":{"line":137,"column":3}},"47":{"start":{"line":120,"column":20},"end":{"line":120,"column":48}},"48":{"start":{"line":121,"column":19},"end":{"line":121,"column":33}},"49":{"start":{"line":124,"column":17},"end":{"line":124,"column":44}},"50":{"start":{"line":125,"column":4},"end":{"line":125,"column":75}},"51":{"start":{"line":125,"column":15},"end":{"line":125,"column":75}},"52":{"start":{"line":128,"column":28},"end":{"line":128,"column":62}},"53":{"start":{"line":131,"column":4},"end":{"line":131,"column":55}},"54":{"start":{"line":134,"column":4},"end":{"line":134,"column":77}},"55":{"start":{"line":136,"column":4},"end":{"line":136,"column":67}},"56":{"start":{"line":142,"column":20},"end":{"line":142,"column":30}},"57":{"start":{"line":144,"column":2},"end":{"line":163,"column":3}},"58":{"start":{"line":146,"column":20},"end":{"line":146,"column":48}},"59":{"start":{"line":147,"column":19},"end":{"line":147,"column":33}},"60":{"start":{"line":150,"column":17},"end":{"line":150,"column":44}},"61":{"start":{"line":151,"column":4},"end":{"line":151,"column":75}},"62":{"start":{"line":151,"column":15},"end":{"line":151,"column":75}},"63":{"start":{"line":154,"column":4},"end":{"line":154,"column":101}},"64":{"start":{"line":154,"column":30},"end":{"line":154,"column":101}},"65":{"start":{"line":157,"column":4},"end":{"line":157,"column":43}},"66":{"start":{"line":160,"column":4},"end":{"line":160,"column":77}},"67":{"start":{"line":162,"column":4},"end":{"line":162,"column":71}},"68":{"start":{"line":167,"column":0},"end":{"line":167,"column":32}}},"fnMap":{"0":{"name":"(anonymous_0)","decl":{"start":{"line":13,"column":12},"end":{"line":13,"column":13}},"loc":{"start":{"line":13,"column":32},"end":{"line":32,"column":3}},"line":13},"1":{"name":"(anonymous_1)","decl":{"start":{"line":34,"column":9},"end":{"line":34,"column":10}},"loc":{"start":{"line":34,"column":29},"end":{"line":87,"column":3}},"line":34},"2":{"name":"(anonymous_2)","decl":{"start":{"line":94,"column":16},"end":{"line":94,"column":17}},"loc":{"start":{"line":94,"column":36},"end":{"line":113,"column":1}},"line":94},"3":{"name":"(anonymous_3)","decl":{"start":{"line":115,"column":15},"end":{"line":115,"column":16}},"loc":{"start":{"line":115,"column":35},"end":{"line":138,"column":1}},"line":115},"4":{"name":"(anonymous_4)","decl":{"start":{"line":141,"column":13},"end":{"line":141,"column":14}},"loc":{"start":{"line":141,"column":33},"end":{"line":164,"column":1}},"line":141}},"branchMap":{"0":{"loc":{"start":{"line":19,"column":6},"end":{"line":19,"column":93}},"type":"if","locations":[{"start":{"line":19,"column":6},"end":{"line":19,"column":93}},{"start":{},"end":{}}],"line":19},"1":{"loc":{"start":{"line":40,"column":6},"end":{"line":43,"column":7}},"type":"if","locations":[{"start":{"line":40,"column":6},"end":{"line":43,"column":7}},{"start":{},"end":{}}],"line":40},"2":{"loc":{"start":{"line":52,"column":6},"end":{"line":54,"column":7}},"type":"if","locations":[{"start":{"line":52,"column":6},"end":{"line":54,"column":7}},{"start":{},"end":{}}],"line":52},"3":{"loc":{"start":{"line":58,"column":6},"end":{"line":61,"column":7}},"type":"if","locations":[{"start":{"line":58,"column":6},"end":{"line":61,"column":7}},{"start":{},"end":{}}],"line":58},"4":{"loc":{"start":{"line":100,"column":4},"end":{"line":100,"column":90}},"type":"if","locations":[{"start":{"line":100,"column":4},"end":{"line":100,"column":90}},{"start":{},"end":{}}],"line":100},"5":{"loc":{"start":{"line":125,"column":4},"end":{"line":125,"column":75}},"type":"if","locations":[{"start":{"line":125,"column":4},"end":{"line":125,"column":75}},{"start":{},"end":{}}],"line":125},"6":{"loc":{"start":{"line":151,"column":4},"end":{"line":151,"column":75}},"type":"if","locations":[{"start":{"line":151,"column":4},"end":{"line":151,"column":75}},{"start":{},"end":{}}],"line":151},"7":{"loc":{"start":{"line":154,"column":4},"end":{"line":154,"column":101}},"type":"if","locations":[{"start":{"line":154,"column":4},"end":{"line":154,"column":101}},{"start":{},"end":{}}],"line":154}},"s":{"0":1,"1":1,"2":1,"3":1,"4":1,"5":1,"6":1,"7":1,"8":0,"9":0,"10":0,"11":0,"12":0,"13":0,"14":0,"15":0,"16":0,"17":0,"18":0,"19":0,"20":0,"21":0,"22":0,"23":0,"24":0,"25":0,"26":0,"27":0,"28":0,"29":0,"30":0,"31":0,"32":0,"33":0,"34":0,"35":0,"36":0,"37":0,"38":0,"39":0,"40":0,"41":0,"42":0,"43":0,"44":0,"45":0,"46":0,"47":0,"48":0,"49":0,"50":0,"51":0,"52":0,"53":0,"54":0,"55":0,"56":0,"57":0,"58":0,"59":0,"60":0,"61":0,"62":0,"63":0,"64":0,"65":0,"66":0,"67":0,"68":1},"f":{"0":0,"1":0,"2":0,"3":0,"4":0},"b":{"0":[0,0],"1":[0,0],"2":[0,0],"3":[0,0],"4":[0,0],"5":[0,0],"6":[0,0],"7":[0,0]},"_coverageSchema":"1a1c01bbd47fc00a2c39e90264f33305004495a9","hash":"2d371fdec84812d42702bcb7989a488127084731"}
,"C:\\Users\\Alfred\\Desktop\\Online Shopping System\\Source Code\\Backend API\\src\\middlewares\\authMiddleware.js": {"path":"C:\\Users\\Alfred\\Desktop\\Online Shopping System\\Source Code\\Backend API\\src\\middlewares\\authMiddleware.js","statementMap":{"0":{"start":{"line":1,"column":12},"end":{"line":1,"column":35}},"1":{"start":{"line":2,"column":22},"end":{"line":2,"column":46}},"2":{"start":{"line":4,"column":23},"end":{"line":18,"column":1}},"3":{"start":{"line":5,"column":16},"end":{"line":5,"column":44}},"4":{"start":{"line":7,"column":2},"end":{"line":9,"column":3}},"5":{"start":{"line":8,"column":4},"end":{"line":8,"column":82}},"6":{"start":{"line":11,"column":2},"end":{"line":17,"column":3}},"7":{"start":{"line":12,"column":20},"end":{"line":12,"column":48}},"8":{"start":{"line":13,"column":4},"end":{"line":13,"column":23}},"9":{"start":{"line":14,"column":4},"end":{"line":14,"column":11}},"10":{"start":{"line":16,"column":4},"end":{"line":16,"column":63}},"11":{"start":{"line":20,"column":0},"end":{"line":20,"column":32}}},"fnMap":{"0":{"name":"(anonymous_0)","decl":{"start":{"line":4,"column":23},"end":{"line":4,"column":24}},"loc":{"start":{"line":4,"column":43},"end":{"line":18,"column":1}},"line":4}},"branchMap":{"0":{"loc":{"start":{"line":7,"column":2},"end":{"line":9,"column":3}},"type":"if","locations":[{"start":{"line":7,"column":2},"end":{"line":9,"column":3}},{"start":{},"end":{}}],"line":7}},"s":{"0":1,"1":1,"2":1,"3":2,"4":2,"5":1,"6":1,"7":1,"8":1,"9":1,"10":0,"11":1},"f":{"0":2},"b":{"0":[1,1]},"_coverageSchema":"1a1c01bbd47fc00a2c39e90264f33305004495a9","hash":"a2d280d34872e09f8ea7b710d7d50c17e8aef21d"}
,"C:\\Users\\Alfred\\Desktop\\Online Shopping System\\Source Code\\Backend API\\src\\models\\User.js": {"path":"C:\\Users\\Alfred\\Desktop\\Online Shopping System\\Source Code\\Backend API\\src\\models\\User.js","statementMap":{"0":{"start":{"line":1,"column":11},"end":{"line":1,"column":34}},"1":{"start":{"line":3,"column":13},"end":{"line":40,"column":1}},"2":{"start":{"line":6,"column":16},"end":{"line":7,"column":57}},"3":{"start":{"line":8,"column":19},"end":{"line":8,"column":107}},"4":{"start":{"line":9,"column":2},"end":{"line":9,"column":25}},"5":{"start":{"line":14,"column":16},"end":{"line":14,"column":97}},"6":{"start":{"line":15,"column":17},"end":{"line":15,"column":49}},"7":{"start":{"line":16,"column":2},"end":{"line":16,"column":45}},"8":{"start":{"line":17,"column":2},"end":{"line":17,"column":17}},"9":{"start":{"line":22,"column":16},"end":{"line":22,"column":62}},"10":{"start":{"line":23,"column":17},"end":{"line":23,"column":50}},"11":{"start":{"line":24,"column":2},"end":{"line":24,"column":17}},"12":{"start":{"line":30,"column":18},"end":{"line":30,"column":76}},"13":{"start":{"line":31,"column":4},"end":{"line":31,"column":38}},"14":{"start":{"line":36,"column":16},"end":{"line":36,"column":68}},"15":{"start":{"line":37,"column":2},"end":{"line":37,"column":50}},"16":{"start":{"line":42,"column":0},"end":{"line":42,"column":22}}},"fnMap":{"0":{"name":"(anonymous_0)","decl":{"start":{"line":5,"column":9},"end":{"line":5,"column":10}},"loc":{"start":{"line":5,"column":82},"end":{"line":10,"column":1}},"line":5},"1":{"name":"(anonymous_1)","decl":{"start":{"line":13,"column":13},"end":{"line":13,"column":14}},"loc":{"start":{"line":13,"column":30},"end":{"line":18,"column":1}},"line":13},"2":{"name":"(anonymous_2)","decl":{"start":{"line":21,"column":10},"end":{"line":21,"column":11}},"loc":{"start":{"line":21,"column":28},"end":{"line":25,"column":1}},"line":21},"3":{"name":"(anonymous_3)","decl":{"start":{"line":29,"column":23},"end":{"line":29,"column":24}},"loc":{"start":{"line":29,"column":41},"end":{"line":32,"column":3}},"line":29},"4":{"name":"(anonymous_4)","decl":{"start":{"line":35,"column":16},"end":{"line":35,"column":17}},"loc":{"start":{"line":35,"column":48},"end":{"line":38,"column":1}},"line":35}},"branchMap":{},"s":{"0":1,"1":1,"2":0,"3":0,"4":0,"5":0,"6":0,"7":0,"8":0,"9":0,"10":0,"11":0,"12":0,"13":0,"14":0,"15":0,"16":1},"f":{"0":0,"1":0,"2":0,"3":0,"4":0},"b":{},"_coverageSchema":"1a1c01bbd47fc00a2c39e90264f33305004495a9","hash":"d0f02ef3b2a6ecde724532ead2729ab6ed17114b"}
,"C:\\Users\\Alfred\\Desktop\\Online Shopping System\\Source Code\\Backend API\\src\\routes\\authRoutes.js": {"path":"C:\\Users\\Alfred\\Desktop\\Online Shopping System\\Source Code\\Backend API\\src\\routes\\authRoutes.js","statementMap":{"0":{"start":{"line":1,"column":16},"end":{"line":1,"column":34}},"1":{"start":{"line":2,"column":23},"end":{"line":2,"column":63}},"2":{"start":{"line":4,"column":15},"end":{"line":4,"column":31}},"3":{"start":{"line":7,"column":0},"end":{"line":7,"column":50}},"4":{"start":{"line":10,"column":0},"end":{"line":10,"column":44}},"5":{"start":{"line":13,"column":0},"end":{"line":13,"column":63}},"6":{"start":{"line":16,"column":0},"end":{"line":16,"column":63}},"7":{"start":{"line":19,"column":0},"end":{"line":19,"column":61}},"8":{"start":{"line":21,"column":0},"end":{"line":21,"column":24}}},"fnMap":{},"branchMap":{},"s":{"0":1,"1":1,"2":1,"3":1,"4":1,"5":1,"6":1,"7":1,"8":1},"f":{},"b":{},"_coverageSchema":"1a1c01bbd47fc00a2c39e90264f33305004495a9","hash":"64b4b3f8c559826782e252069fae21379a84e041"}
,"C:\\Users\\Alfred\\Desktop\\Online Shopping System\\Source Code\\Backend API\\src\\utils\\emailService.js": {"path":"C:\\Users\\Alfred\\Desktop\\Online Shopping System\\Source Code\\Backend API\\src\\utils\\emailService.js","statementMap":{"0":{"start":{"line":1,"column":12},"end":{"line":1,"column":35}},"1":{"start":{"line":2,"column":19},"end":{"line":2,"column":40}},"2":{"start":{"line":3,"column":22},"end":{"line":3,"column":46}},"3":{"start":{"line":5,"column":20},"end":{"line":11,"column":2}},"4":{"start":{"line":14,"column":31},"end":{"line":27,"column":1}},"5":{"start":{"line":16,"column":20},"end":{"line":16,"column":73}},"6":{"start":{"line":18,"column":22},"end":{"line":23,"column":3}},"7":{"start":{"line":26,"column":2},"end":{"line":26,"column":42}},"8":{"start":{"line":29,"column":0},"end":{"line":29,"column":44}}},"fnMap":{"0":{"name":"(anonymous_0)","decl":{"start":{"line":14,"column":31},"end":{"line":14,"column":32}},"loc":{"start":{"line":14,"column":55},"end":{"line":27,"column":1}},"line":14}},"branchMap":{},"s":{"0":1,"1":1,"2":1,"3":1,"4":1,"5":0,"6":0,"7":0,"8":1},"f":{"0":0},"b":{},"_coverageSchema":"1a1c01bbd47fc00a2c39e90264f33305004495a9","hash":"a820c4db41306b97787e88ff58b4677c010c2a5f"}
,"C:\\Users\\Alfred\\Desktop\\Online Shopping System\\Source Code\\Backend API\\src\\utils\\errorHandler.js": {"path":"C:\\Users\\Alfred\\Desktop\\Online Shopping System\\Source Code\\Backend API\\src\\utils\\errorHandler.js","statementMap":{"0":{"start":{"line":1,"column":0},"end":{"line":7,"column":4}},"1":{"start":{"line":2,"column":4},"end":{"line":2,"column":34}},"2":{"start":{"line":3,"column":4},"end":{"line":6,"column":7}}},"fnMap":{"0":{"name":"(anonymous_0)","decl":{"start":{"line":1,"column":28},"end":{"line":1,"column":29}},"loc":{"start":{"line":1,"column":53},"end":{"line":7,"column":3}},"line":1}},"branchMap":{"0":{"loc":{"start":{"line":5,"column":13},"end":{"line":5,"column":53}},"type":"binary-expr","locations":[{"start":{"line":5,"column":13},"end":{"line":5,"column":26}},{"start":{"line":5,"column":30},"end":{"line":5,"column":53}}],"line":5}},"s":{"0":1,"1":0,"2":0},"f":{"0":0},"b":{"0":[0,0]},"_coverageSchema":"1a1c01bbd47fc00a2c39e90264f33305004495a9","hash":"e0785c9b4cd03b9a17692a5ecafee8277433113b"}
,"C:\\Users\\Alfred\\Desktop\\Online Shopping System\\Source Code\\Backend API\\src\\utils\\logger.js": {"path":"C:\\Users\\Alfred\\Desktop\\Online Shopping System\\Source Code\\Backend API\\src\\utils\\logger.js","statementMap":{"0":{"start":{"line":1,"column":16},"end":{"line":1,"column":34}},"1":{"start":{"line":3,"column":15},"end":{"line":13,"column":2}},"2":{"start":{"line":15,"column":0},"end":{"line":15,"column":24}}},"fnMap":{},"branchMap":{},"s":{"0":1,"1":1,"2":1},"f":{},"b":{},"_coverageSchema":"1a1c01bbd47fc00a2c39e90264f33305004495a9","hash":"c0b7629b7a892601b1baf90aa4f3677a10faee75"}
}
